Sequence              		tRNA  	Bounds	tRNA	Anti	Intron Bounds	Cove	      
Name                  	tRNA #	Begin 	End   	Type	Codon	Begin	End	Score	Note
--------              	------	----- 	------	----	-----	-----	----	------	------
cluster_001_consensus 	1	93093 	93164 	Gln	TTG	0	0	44.18	
cluster_001_consensus 	2	93173 	93243 	Arg	TCT	0	0	37.54	
cluster_001_consensus 	3	93325 	93398 	Glu	TTC	0	0	63.05	
cluster_001_consensus 	4	93515 	93585 	Asp	GTC	0	0	51.82	
cluster_001_consensus 	5	94044 	94130 	Ser	GCT	0	0	45.44	
cluster_001_consensus 	6	94137 	94209 	Pro	TGG	0	0	61.06	
cluster_001_consensus 	7	94218 	94288 	Ala	TGC	0	0	35.08	pseudo
cluster_001_consensus 	8	94357 	94430 	Val	TAC	0	0	63.17	
cluster_001_consensus 	9	94437 	94508 	Asn	GTT	0	0	56.48	
cluster_001_consensus 	10	94866 	94936 	Trp	CCA	0	0	49.63	
cluster_001_consensus 	11	95027 	95099 	Met	CAT	0	0	63.19	
cluster_001_consensus 	12	95102 	95178 	His	GTG	0	0	63.15	
cluster_001_consensus 	13	95183 	95256 	Ile	TAT	0	0	50.09	
cluster_001_consensus 	14	95263 	95335 	Cys	GCA	0	0	34.12	pseudo
cluster_001_consensus 	15	95346 	95418 	Lys	CTT	0	0	58.98	
cluster_001_consensus 	16	95424 	95495 	Lys	TTT	0	0	37.49	pseudo
cluster_001_consensus 	17	95610 	95682 	Phe	GAA	0	0	48.81	
cluster_001_consensus 	18	95866 	95940 	Leu	TAG	0	0	53.22	
cluster_001_consensus 	19	96494 	96572 	Leu	TAA	0	0	51.92	
cluster_001_consensus 	20	96577 	96647 	Thr	TGT	0	0	48.87	
cluster_001_consensus 	21	96654 	96726 	Gly	GCC	0	0	43.03	
cluster_001_consensus 	22	97131 	97202 	Gly	TCC	0	0	43.00	
cluster_001_consensus 	23	97211 	97297 	Met	CAT	0	0	50.63	
cluster_001_consensus 	24	90316 	90228 	His	ATG	0	0	38.81	
cluster_001_consensus 	25	88348 	88277 	Arg	CCT	0	0	56.85	
